Started DELETE "/users/sign_out" for 127.0.0.1 at 2020-02-16 13:02:19 -0500
  [1m[35m (3.6ms)[0m  [1m[34mSELECT sqlite_version(*)[0m
  
ActiveRecord::PendingMigrationError (

Migrations are pending. To resolve this issue, run:

        rails db:migrate RAILS_ENV=development

):
  
activerecord (6.0.2.1) lib/active_record/migration.rb:587:in `check_pending!'
activerecord (6.0.2.1) lib/active_record/migration.rb:564:in `call'
actionpack (6.0.2.1) lib/action_dispatch/middleware/callbacks.rb:27:in `block in call'
activesupport (6.0.2.1) lib/active_support/callbacks.rb:101:in `run_callbacks'
actionpack (6.0.2.1) lib/action_dispatch/middleware/callbacks.rb:26:in `call'
actionpack (6.0.2.1) lib/action_dispatch/middleware/executor.rb:14:in `call'
actionpack (6.0.2.1) lib/action_dispatch/middleware/actionable_exceptions.rb:17:in `call'
actionpack (6.0.2.1) lib/action_dispatch/middleware/debug_exceptions.rb:32:in `call'
web-console (4.0.1) lib/web_console/middleware.rb:132:in `call_app'
web-console (4.0.1) lib/web_console/middleware.rb:28:in `block in call'
web-console (4.0.1) lib/web_console/middleware.rb:17:in `catch'
web-console (4.0.1) lib/web_console/middleware.rb:17:in `call'
actionpack (6.0.2.1) lib/action_dispatch/middleware/show_exceptions.rb:33:in `call'
railties (6.0.2.1) lib/rails/rack/logger.rb:38:in `call_app'
railties (6.0.2.1) lib/rails/rack/logger.rb:26:in `block in call'
activesupport (6.0.2.1) lib/active_support/tagged_logging.rb:80:in `block in tagged'
activesupport (6.0.2.1) lib/active_support/tagged_logging.rb:28:in `tagged'
activesupport (6.0.2.1) lib/active_support/tagged_logging.rb:80:in `tagged'
railties (6.0.2.1) lib/rails/rack/logger.rb:26:in `call'
sprockets-rails (3.2.1) lib/sprockets/rails/quiet_assets.rb:13:in `call'
actionpack (6.0.2.1) lib/action_dispatch/middleware/remote_ip.rb:81:in `call'
actionpack (6.0.2.1) lib/action_dispatch/middleware/request_id.rb:27:in `call'
rack (2.2.2) lib/rack/method_override.rb:24:in `call'
rack (2.2.2) lib/rack/runtime.rb:22:in `call'
activesupport (6.0.2.1) lib/active_support/cache/strategy/local_cache_middleware.rb:29:in `call'
actionpack (6.0.2.1) lib/action_dispatch/middleware/executor.rb:14:in `call'
actionpack (6.0.2.1) lib/action_dispatch/middleware/static.rb:126:in `call'
rack (2.2.2) lib/rack/sendfile.rb:110:in `call'
actionpack (6.0.2.1) lib/action_dispatch/middleware/host_authorization.rb:83:in `call'
webpacker (4.2.2) lib/webpacker/dev_server_proxy.rb:23:in `perform_request'
rack-proxy (0.6.5) lib/rack/proxy.rb:57:in `call'
railties (6.0.2.1) lib/rails/engine.rb:526:in `call'
puma (4.3.1) lib/puma/configuration.rb:228:in `call'
puma (4.3.1) lib/puma/server.rb:681:in `handle_request'
puma (4.3.1) lib/puma/server.rb:472:in `process_client'
puma (4.3.1) lib/puma/server.rb:328:in `block in run'
puma (4.3.1) lib/puma/thread_pool.rb:134:in `block in spawn_thread'
  [1m[35m (1.3ms)[0m  [1m[34mSELECT sqlite_version(*)[0m
  [1m[35m (1.3ms)[0m  [1m[35mCREATE TABLE "schema_migrations" ("version" varchar NOT NULL PRIMARY KEY)[0m
  [1m[35m (1.2ms)[0m  [1m[35mCREATE TABLE "ar_internal_metadata" ("key" varchar NOT NULL PRIMARY KEY, "value" varchar, "created_at" datetime(6) NOT NULL, "updated_at" datetime(6) NOT NULL)[0m
  [1m[35m (0.2ms)[0m  [1m[34mSELECT "schema_migrations"."version" FROM "schema_migrations" ORDER BY "schema_migrations"."version" ASC[0m
Migrating to DeviseCreateUsers (20200214180259)
  [1m[35m (0.1ms)[0m  [1m[36mbegin transaction[0m
  [1m[35m (0.7ms)[0m  [1m[35mCREATE TABLE "users" ("id" integer PRIMARY KEY AUTOINCREMENT NOT NULL, "email" varchar DEFAULT '' NOT NULL, "encrypted_password" varchar DEFAULT '' NOT NULL, "reset_password_token" varchar, "reset_password_sent_at" datetime, "remember_created_at" datetime, "name" varchar, "username" varchar, "created_at" datetime(6) NOT NULL, "updated_at" datetime(6) NOT NULL)[0m
  [1m[35m (0.2ms)[0m  [1m[35mCREATE UNIQUE INDEX "index_users_on_email" ON "users" ("email")[0m
  [1m[35m (0.2ms)[0m  [1m[35mCREATE UNIQUE INDEX "index_users_on_reset_password_token" ON "users" ("reset_password_token")[0m
  [1m[36mprimary::SchemaMigration Create (0.2ms)[0m  [1m[32mINSERT INTO "schema_migrations" ("version") VALUES (?)[0m  [["version", "20200214180259"]]
  [1m[35m (1.2ms)[0m  [1m[36mcommit transaction[0m
Migrating to AddOmniauthToUsers (20200215170225)
  [1m[35m (0.1ms)[0m  [1m[36mbegin transaction[0m
  [1m[35m (1.2ms)[0m  [1m[35mALTER TABLE "users" ADD "provider" varchar[0m
  [1m[35m (0.3ms)[0m  [1m[35mALTER TABLE "users" ADD "uid" varchar[0m
  [1m[36mprimary::SchemaMigration Create (1.6ms)[0m  [1m[32mINSERT INTO "schema_migrations" ("version") VALUES (?)[0m  [["version", "20200215170225"]]
  [1m[35m (1.0ms)[0m  [1m[36mcommit transaction[0m
Migrating to CreateParents (20200216180004)
  [1m[35m (0.1ms)[0m  [1m[36mbegin transaction[0m
  [1m[35m (0.6ms)[0m  [1m[35mCREATE TABLE "parents" ("id" integer PRIMARY KEY AUTOINCREMENT NOT NULL, "name" varchar, "user_id" integer NOT NULL, "created_at" datetime(6) NOT NULL, "updated_at" datetime(6) NOT NULL, CONSTRAINT "fk_rails_27c1d070f3"
FOREIGN KEY ("user_id")
  REFERENCES "users" ("id")
)[0m
  [1m[35m (0.1ms)[0m  [1m[35mCREATE  INDEX "index_parents_on_user_id" ON "parents" ("user_id")[0m
  [1m[36mprimary::SchemaMigration Create (0.2ms)[0m  [1m[32mINSERT INTO "schema_migrations" ("version") VALUES (?)[0m  [["version", "20200216180004"]]
  [1m[35m (1.1ms)[0m  [1m[36mcommit transaction[0m
  [1m[36mActiveRecord::InternalMetadata Load (0.2ms)[0m  [1m[34mSELECT "ar_internal_metadata".* FROM "ar_internal_metadata" WHERE "ar_internal_metadata"."key" = ? LIMIT ?[0m  [["key", "environment"], ["LIMIT", 1]]
  [1m[35m (0.0ms)[0m  [1m[36mbegin transaction[0m
  [1m[36mActiveRecord::InternalMetadata Create (0.4ms)[0m  [1m[32mINSERT INTO "ar_internal_metadata" ("key", "value", "created_at", "updated_at") VALUES (?, ?, ?, ?)[0m  [["key", "environment"], ["value", "development"], ["created_at", "2020-02-16 18:02:42.242294"], ["updated_at", "2020-02-16 18:02:42.242294"]]
  [1m[35m (0.9ms)[0m  [1m[36mcommit transaction[0m
  [1m[35m (0.1ms)[0m  [1m[34mSELECT sqlite_version(*)[0m
  [1m[35m (0.1ms)[0m  [1m[34mSELECT "schema_migrations"."version" FROM "schema_migrations" ORDER BY "schema_migrations"."version" ASC[0m
  [1m[35m (1.3ms)[0m  [1m[34mSELECT sqlite_version(*)[0m
  [1m[35m (0.2ms)[0m  [1m[34mSELECT "schema_migrations"."version" FROM "schema_migrations" ORDER BY "schema_migrations"."version" ASC[0m
  [1m[35m (0.1ms)[0m  [1m[34mSELECT "schema_migrations"."version" FROM "schema_migrations" ORDER BY "schema_migrations"."version" ASC[0m
  [1m[35m (0.1ms)[0m  [1m[34mSELECT "schema_migrations"."version" FROM "schema_migrations" ORDER BY "schema_migrations"."version" ASC[0m
  [1m[35m (0.1ms)[0m  [1m[34mSELECT "schema_migrations"."version" FROM "schema_migrations" ORDER BY "schema_migrations"."version" ASC[0m
Migrating to CreateParents (20200216180004)
  [1m[35m (0.2ms)[0m  [1m[36mbegin transaction[0m
  [1m[35m (1.2ms)[0m  [1m[35mDROP TABLE "parents"[0m
  [1m[36mprimary::SchemaMigration Destroy (0.6ms)[0m  [1m[31mDELETE FROM "schema_migrations" WHERE "schema_migrations"."version" = ?[0m  [["version", "20200216180004"]]
  [1m[35m (1.2ms)[0m  [1m[36mcommit transaction[0m
  [1m[35m (0.1ms)[0m  [1m[34mSELECT sqlite_version(*)[0m
  [1m[35m (0.1ms)[0m  [1m[34mSELECT "schema_migrations"."version" FROM "schema_migrations" ORDER BY "schema_migrations"."version" ASC[0m
  [1m[35m (0.4ms)[0m  [1m[34mSELECT sqlite_version(*)[0m
  [1m[35m (0.1ms)[0m  [1m[34mSELECT "schema_migrations"."version" FROM "schema_migrations" ORDER BY "schema_migrations"."version" ASC[0m
  [1m[35m (0.2ms)[0m  [1m[34mSELECT "schema_migrations"."version" FROM "schema_migrations" ORDER BY "schema_migrations"."version" ASC[0m
  [1m[35m (0.1ms)[0m  [1m[34mSELECT "schema_migrations"."version" FROM "schema_migrations" ORDER BY "schema_migrations"."version" ASC[0m
  [1m[35m (0.1ms)[0m  [1m[34mSELECT "schema_migrations"."version" FROM "schema_migrations" ORDER BY "schema_migrations"."version" ASC[0m
Migrating to AddOmniauthToUsers (20200215170225)
  [1m[35m (0.1ms)[0m  [1m[36mbegin transaction[0m
  [1m[35m (0.1ms)[0m  [1m[35mPRAGMA foreign_keys[0m
  [1m[35m (0.1ms)[0m  [1m[35mPRAGMA defer_foreign_keys[0m
  [1m[35m (0.1ms)[0m  [1m[35mPRAGMA defer_foreign_keys = ON[0m
  [1m[35m (0.1ms)[0m  [1m[35mPRAGMA foreign_keys = OFF[0m
  [1m[35m (0.3ms)[0m  [1m[35mCREATE TEMPORARY TABLE "ausers" ("id" integer NOT NULL PRIMARY KEY, "email" varchar DEFAULT '' NOT NULL, "encrypted_password" varchar DEFAULT '' NOT NULL, "reset_password_token" varchar DEFAULT NULL, "reset_password_sent_at" datetime DEFAULT NULL, "remember_created_at" datetime DEFAULT NULL, "name" varchar DEFAULT NULL, "username" varchar DEFAULT NULL, "created_at" datetime(6) NOT NULL, "updated_at" datetime(6) NOT NULL, "provider" varchar DEFAULT NULL, "uid" varchar DEFAULT NULL)[0m
  [1m[35m (0.1ms)[0m  [1m[35mCREATE UNIQUE INDEX "tindex_ausers_on_reset_password_token" ON "ausers" ("reset_password_token")[0m
  [1m[35m (0.1ms)[0m  [1m[35mCREATE UNIQUE INDEX "tindex_ausers_on_email" ON "ausers" ("email")[0m
  [1m[35m (0.1ms)[0m  [1m[32mINSERT INTO "ausers" ("id","email","encrypted_password","reset_password_token","reset_password_sent_at","remember_created_at","name","username","created_at","updated_at","provider","uid")
                     SELECT "id","email","encrypted_password","reset_password_token","reset_password_sent_at","remember_created_at","name","username","created_at","updated_at","provider","uid" FROM "users"[0m
  [1m[35m (0.7ms)[0m  [1m[35mDROP TABLE "users"[0m
  [1m[35m (0.2ms)[0m  [1m[35mCREATE TABLE "users" ("id" integer NOT NULL PRIMARY KEY, "email" varchar DEFAULT '' NOT NULL, "encrypted_password" varchar DEFAULT '' NOT NULL, "reset_password_token" varchar DEFAULT NULL, "reset_password_sent_at" datetime DEFAULT NULL, "remember_created_at" datetime DEFAULT NULL, "name" varchar DEFAULT NULL, "username" varchar DEFAULT NULL, "created_at" datetime(6) NOT NULL, "updated_at" datetime(6) NOT NULL, "provider" varchar DEFAULT NULL)[0m
  [1m[35m (0.1ms)[0m  [1m[35mCREATE UNIQUE INDEX "index_users_on_email" ON "users" ("email")[0m
  [1m[35m (0.1ms)[0m  [1m[35mCREATE UNIQUE INDEX "index_users_on_reset_password_token" ON "users" ("reset_password_token")[0m
  [1m[35m (0.1ms)[0m  [1m[32mINSERT INTO "users" ("id","email","encrypted_password","reset_password_token","reset_password_sent_at","remember_created_at","name","username","created_at","updated_at","provider")
                     SELECT "id","email","encrypted_password","reset_password_token","reset_password_sent_at","remember_created_at","name","username","created_at","updated_at","provider" FROM "ausers"[0m
  [1m[35m (0.1ms)[0m  [1m[35mDROP TABLE "ausers"[0m
  [1m[35m (0.0ms)[0m  [1m[35mPRAGMA defer_foreign_keys = 0[0m
  [1m[35m (0.1ms)[0m  [1m[35mPRAGMA foreign_keys = 1[0m
  [1m[35m (0.0ms)[0m  [1m[35mPRAGMA foreign_keys[0m
  [1m[35m (0.1ms)[0m  [1m[35mPRAGMA defer_foreign_keys[0m
  [1m[35m (0.1ms)[0m  [1m[35mPRAGMA defer_foreign_keys = ON[0m
  [1m[35m (0.1ms)[0m  [1m[35mPRAGMA foreign_keys = OFF[0m
  [1m[35m (0.3ms)[0m  [1m[35mCREATE TEMPORARY TABLE "ausers" ("id" integer NOT NULL PRIMARY KEY, "email" varchar DEFAULT '' NOT NULL, "encrypted_password" varchar DEFAULT '' NOT NULL, "reset_password_token" varchar DEFAULT NULL, "reset_password_sent_at" datetime DEFAULT NULL, "remember_created_at" datetime DEFAULT NULL, "name" varchar DEFAULT NULL, "username" varchar DEFAULT NULL, "created_at" datetime(6) NOT NULL, "updated_at" datetime(6) NOT NULL, "provider" varchar DEFAULT NULL)[0m
  [1m[35m (0.1ms)[0m  [1m[35mCREATE UNIQUE INDEX "tindex_ausers_on_reset_password_token" ON "ausers" ("reset_password_token")[0m
  [1m[35m (0.1ms)[0m  [1m[35mCREATE UNIQUE INDEX "tindex_ausers_on_email" ON "ausers" ("email")[0m
  [1m[35m (0.1ms)[0m  [1m[32mINSERT INTO "ausers" ("id","email","encrypted_password","reset_password_token","reset_password_sent_at","remember_created_at","name","username","created_at","updated_at","provider")
                     SELECT "id","email","encrypted_password","reset_password_token","reset_password_sent_at","remember_created_at","name","username","created_at","updated_at","provider" FROM "users"[0m
  [1m[35m (0.1ms)[0m  [1m[35mDROP TABLE "users"[0m
  [1m[35m (0.2ms)[0m  [1m[35mCREATE TABLE "users" ("id" integer NOT NULL PRIMARY KEY, "email" varchar DEFAULT '' NOT NULL, "encrypted_password" varchar DEFAULT '' NOT NULL, "reset_password_token" varchar DEFAULT NULL, "reset_password_sent_at" datetime DEFAULT NULL, "remember_created_at" datetime DEFAULT NULL, "name" varchar DEFAULT NULL, "username" varchar DEFAULT NULL, "created_at" datetime(6) NOT NULL, "updated_at" datetime(6) NOT NULL)[0m
  [1m[35m (0.1ms)[0m  [1m[35mCREATE UNIQUE INDEX "index_users_on_email" ON "users" ("email")[0m
  [1m[35m (0.1ms)[0m  [1m[35mCREATE UNIQUE INDEX "index_users_on_reset_password_token" ON "users" ("reset_password_token")[0m
  [1m[35m (0.1ms)[0m  [1m[32mINSERT INTO "users" ("id","email","encrypted_password","reset_password_token","reset_password_sent_at","remember_created_at","name","username","created_at","updated_at")
                     SELECT "id","email","encrypted_password","reset_password_token","reset_password_sent_at","remember_created_at","name","username","created_at","updated_at" FROM "ausers"[0m
  [1m[35m (0.1ms)[0m  [1m[35mDROP TABLE "ausers"[0m
  [1m[35m (0.0ms)[0m  [1m[35mPRAGMA defer_foreign_keys = 0[0m
  [1m[35m (0.0ms)[0m  [1m[35mPRAGMA foreign_keys = 1[0m
  [1m[36mprimary::SchemaMigration Destroy (0.3ms)[0m  [1m[31mDELETE FROM "schema_migrations" WHERE "schema_migrations"."version" = ?[0m  [["version", "20200215170225"]]
  [1m[35m (1.1ms)[0m  [1m[36mcommit transaction[0m
  [1m[35m (0.0ms)[0m  [1m[34mSELECT sqlite_version(*)[0m
  [1m[35m (0.1ms)[0m  [1m[34mSELECT "schema_migrations"."version" FROM "schema_migrations" ORDER BY "schema_migrations"."version" ASC[0m
  [1m[35m (0.4ms)[0m  [1m[34mSELECT sqlite_version(*)[0m
  [1m[35m (0.1ms)[0m  [1m[34mSELECT "schema_migrations"."version" FROM "schema_migrations" ORDER BY "schema_migrations"."version" ASC[0m
  [1m[35m (0.1ms)[0m  [1m[34mSELECT "schema_migrations"."version" FROM "schema_migrations" ORDER BY "schema_migrations"."version" ASC[0m
  [1m[35m (0.1ms)[0m  [1m[34mSELECT "schema_migrations"."version" FROM "schema_migrations" ORDER BY "schema_migrations"."version" ASC[0m
  [1m[35m (0.1ms)[0m  [1m[34mSELECT "schema_migrations"."version" FROM "schema_migrations" ORDER BY "schema_migrations"."version" ASC[0m
Migrating to DeviseCreateUsers (20200214180259)
  [1m[35m (0.1ms)[0m  [1m[36mbegin transaction[0m
  [1m[35m (0.7ms)[0m  [1m[35mDROP INDEX "index_users_on_reset_password_token"[0m
  [1m[35m (0.3ms)[0m  [1m[35mDROP INDEX "index_users_on_email"[0m
  [1m[35m (0.2ms)[0m  [1m[35mDROP TABLE "users"[0m
  [1m[36mprimary::SchemaMigration Destroy (0.2ms)[0m  [1m[31mDELETE FROM "schema_migrations" WHERE "schema_migrations"."version" = ?[0m  [["version", "20200214180259"]]
  [1m[35m (0.9ms)[0m  [1m[36mcommit transaction[0m
  [1m[35m (0.1ms)[0m  [1m[34mSELECT sqlite_version(*)[0m
  [1m[35m (0.2ms)[0m  [1m[34mSELECT "schema_migrations"."version" FROM "schema_migrations" ORDER BY "schema_migrations"."version" ASC[0m
  [1m[35m (0.5ms)[0m  [1m[34mSELECT sqlite_version(*)[0m
  [1m[35m (0.1ms)[0m  [1m[34mSELECT "schema_migrations"."version" FROM "schema_migrations" ORDER BY "schema_migrations"."version" ASC[0m
Migrating to DeviseCreateUsers (20200214180259)
  [1m[35m (0.1ms)[0m  [1m[36mbegin transaction[0m
  [1m[35m (0.9ms)[0m  [1m[35mCREATE TABLE "users" ("id" integer PRIMARY KEY AUTOINCREMENT NOT NULL, "email" varchar DEFAULT '' NOT NULL, "encrypted_password" varchar DEFAULT '' NOT NULL, "reset_password_token" varchar, "reset_password_sent_at" datetime, "remember_created_at" datetime, "username" varchar, "created_at" datetime(6) NOT NULL, "updated_at" datetime(6) NOT NULL)[0m
  [1m[35m (0.3ms)[0m  [1m[35mCREATE UNIQUE INDEX "index_users_on_email" ON "users" ("email")[0m
  [1m[35m (0.4ms)[0m  [1m[35mCREATE UNIQUE INDEX "index_users_on_reset_password_token" ON "users" ("reset_password_token")[0m
  [1m[36mprimary::SchemaMigration Create (0.2ms)[0m  [1m[32mINSERT INTO "schema_migrations" ("version") VALUES (?)[0m  [["version", "20200214180259"]]
  [1m[35m (1.0ms)[0m  [1m[36mcommit transaction[0m
Migrating to AddOmniauthToUsers (20200215170225)
  [1m[35m (0.1ms)[0m  [1m[36mbegin transaction[0m
  [1m[35m (0.7ms)[0m  [1m[35mALTER TABLE "users" ADD "provider" varchar[0m
  [1m[35m (0.3ms)[0m  [1m[35mALTER TABLE "users" ADD "uid" varchar[0m
  [1m[36mprimary::SchemaMigration Create (0.2ms)[0m  [1m[32mINSERT INTO "schema_migrations" ("version") VALUES (?)[0m  [["version", "20200215170225"]]
  [1m[35m (0.9ms)[0m  [1m[36mcommit transaction[0m
Migrating to CreateParents (20200216180004)
  [1m[35m (0.1ms)[0m  [1m[36mbegin transaction[0m
  [1m[35m (0.5ms)[0m  [1m[35mCREATE TABLE "parents" ("id" integer PRIMARY KEY AUTOINCREMENT NOT NULL, "name" varchar, "user_id" integer NOT NULL, "created_at" datetime(6) NOT NULL, "updated_at" datetime(6) NOT NULL, CONSTRAINT "fk_rails_27c1d070f3"
FOREIGN KEY ("user_id")
  REFERENCES "users" ("id")
)[0m
  [1m[35m (0.1ms)[0m  [1m[35mCREATE  INDEX "index_parents_on_user_id" ON "parents" ("user_id")[0m
  [1m[36mprimary::SchemaMigration Create (0.1ms)[0m  [1m[32mINSERT INTO "schema_migrations" ("version") VALUES (?)[0m  [["version", "20200216180004"]]
  [1m[35m (0.8ms)[0m  [1m[36mcommit transaction[0m
  [1m[36mActiveRecord::InternalMetadata Load (0.2ms)[0m  [1m[34mSELECT "ar_internal_metadata".* FROM "ar_internal_metadata" WHERE "ar_internal_metadata"."key" = ? LIMIT ?[0m  [["key", "environment"], ["LIMIT", 1]]
  [1m[35m (0.1ms)[0m  [1m[34mSELECT sqlite_version(*)[0m
  [1m[35m (0.1ms)[0m  [1m[34mSELECT "schema_migrations"."version" FROM "schema_migrations" ORDER BY "schema_migrations"."version" ASC[0m
Started DELETE "/users/sign_out" for 127.0.0.1 at 2020-02-16 13:08:40 -0500
  [1m[35m (0.1ms)[0m  [1m[34mSELECT sqlite_version(*)[0m
  [1m[35m (0.5ms)[0m  [1m[34mSELECT "schema_migrations"."version" FROM "schema_migrations" ORDER BY "schema_migrations"."version" ASC[0m
Processing by Devise::SessionsController#destroy as HTML
  Parameters: {"authenticity_token"=>"MqvdmjxijNE5C5JaXNr0fW6JI35F5rqZY0zqIeijJPTutt/91JG9ZSNZVqUQ8L5Yg4PJ+IhZ9HVb1NB3Vv0luw=="}
Redirected to http://localhost:3000/
Filter chain halted as :verify_signed_out_user rendered or redirected
Completed 302 Found in 41ms (ActiveRecord: 0.0ms | Allocations: 8310)


Started GET "/" for 127.0.0.1 at 2020-02-16 13:08:40 -0500
Processing by ApplicationController#hello as HTML
Completed 401 Unauthorized in 5ms (ActiveRecord: 0.0ms | Allocations: 632)


Started GET "/users/sign_in" for 127.0.0.1 at 2020-02-16 13:08:40 -0500
Processing by Devise::SessionsController#new as HTML
  Rendering devise/sessions/new.html.erb within layouts/application
  Rendered devise/shared/_links.html.erb (Duration: 2.3ms | Allocations: 735)
  Rendered devise/sessions/new.html.erb within layouts/application (Duration: 38.2ms | Allocations: 5866)
[Webpacker] Compiling...
[Webpacker] Compiled all packs in /Users/saramccombs/Portfolio-Projects/03-Rails-Project/simple-list/public/packs
[Webpacker] Hash: 6249d34a60b5b41e803f
Version: webpack 4.41.6
Time: 1809ms
Built at: 02/16/2020 1:08:46 PM
                                     Asset       Size       Chunks                         Chunk Names
    js/application-e432d36ab9763137ce3c.js   89.1 KiB  application  [emitted] [immutable]  application
js/application-e432d36ab9763137ce3c.js.map   97.9 KiB  application  [emitted] [dev]        application
                             manifest.json  364 bytes               [emitted]              
Entrypoint application = js/application-e432d36ab9763137ce3c.js js/application-e432d36ab9763137ce3c.js.map
[./app/javascript/channels sync recursive _channel\.js$] ./app/javascript/channels sync _channel\.js$ 160 bytes {application} [built]
[./app/javascript/channels/index.js] 211 bytes {application} [built]
[./app/javascript/packs/application.js] 707 bytes {application} [built]
[./node_modules/webpack/buildin/module.js] (webpack)/buildin/module.js 552 bytes {application} [built]
    + 2 hidden modules

Completed 200 OK in 5359ms (Views: 5336.2ms | ActiveRecord: 1.1ms | Allocations: 35633)


Started GET "/users/auth/github" for 127.0.0.1 at 2020-02-16 13:08:49 -0500
Started GET "/users/auth/github" for 127.0.0.1 at 2020-02-16 13:08:49 -0500
Started GET "/" for 127.0.0.1 at 2020-02-16 13:09:16 -0500
  [1m[35m (1.7ms)[0m  [1m[34mSELECT sqlite_version(*)[0m
  [1m[35m (1.1ms)[0m  [1m[34mSELECT "schema_migrations"."version" FROM "schema_migrations" ORDER BY "schema_migrations"."version" ASC[0m
Processing by ApplicationController#hello as HTML
Completed 401 Unauthorized in 15ms (ActiveRecord: 0.0ms | Allocations: 1502)


Started GET "/users/sign_in" for 127.0.0.1 at 2020-02-16 13:09:16 -0500
Processing by Devise::SessionsController#new as HTML
  Rendering devise/sessions/new.html.erb within layouts/application
  Rendered devise/shared/_links.html.erb (Duration: 1.6ms | Allocations: 742)
  Rendered devise/sessions/new.html.erb within layouts/application (Duration: 17.8ms | Allocations: 4260)
[Webpacker] Everything's up-to-date. Nothing to do
Completed 200 OK in 66ms (Views: 49.7ms | ActiveRecord: 0.7ms | Allocations: 20040)


Started GET "/" for 127.0.0.1 at 2020-02-16 13:09:19 -0500
Processing by ApplicationController#hello as HTML
Completed 401 Unauthorized in 4ms (ActiveRecord: 0.0ms | Allocations: 585)


Started GET "/users/sign_in" for 127.0.0.1 at 2020-02-16 13:09:20 -0500
Processing by Devise::SessionsController#new as HTML
  Rendering devise/sessions/new.html.erb within layouts/application
  Rendered devise/shared/_links.html.erb (Duration: 0.3ms | Allocations: 197)
  Rendered devise/sessions/new.html.erb within layouts/application (Duration: 2.9ms | Allocations: 1127)
[Webpacker] Everything's up-to-date. Nothing to do
Completed 200 OK in 13ms (Views: 11.7ms | ActiveRecord: 0.0ms | Allocations: 5649)


Started GET "/users/auth/github" for 127.0.0.1 at 2020-02-16 13:09:22 -0500
Started GET "/users/auth/github" for 127.0.0.1 at 2020-02-16 13:09:22 -0500
  [1m[35m (1.4ms)[0m  [1m[34mSELECT sqlite_version(*)[0m
  [1m[36mUser Load (0.6ms)[0m  [1m[34mSELECT "users".* FROM "users" LIMIT ?[0m  [["LIMIT", 11]]
Started GET "/" for 127.0.0.1 at 2020-02-16 13:10:23 -0500
  [1m[35m (0.1ms)[0m  [1m[34mSELECT sqlite_version(*)[0m
Processing by ApplicationController#hello as HTML
Completed 401 Unauthorized in 4ms (ActiveRecord: 0.0ms | Allocations: 1300)


Started GET "/users/sign_in" for 127.0.0.1 at 2020-02-16 13:10:23 -0500
Processing by Devise::SessionsController#new as HTML
  Rendering devise/sessions/new.html.erb within layouts/application
  Rendered devise/shared/_links.html.erb (Duration: 0.7ms | Allocations: 212)
  Rendered devise/sessions/new.html.erb within layouts/application (Duration: 4.4ms | Allocations: 1150)
[Webpacker] Everything's up-to-date. Nothing to do
Completed 200 OK in 111ms (Views: 73.4ms | ActiveRecord: 2.9ms | Allocations: 12745)


Started GET "/" for 127.0.0.1 at 2020-02-16 13:10:39 -0500
  [1m[35m (1.7ms)[0m  [1m[34mSELECT sqlite_version(*)[0m
  [1m[35m (0.6ms)[0m  [1m[34mSELECT "schema_migrations"."version" FROM "schema_migrations" ORDER BY "schema_migrations"."version" ASC[0m
Processing by ApplicationController#hello as HTML
Completed 401 Unauthorized in 17ms (ActiveRecord: 0.0ms | Allocations: 1507)


Started GET "/users/sign_in" for 127.0.0.1 at 2020-02-16 13:10:39 -0500
Processing by Devise::SessionsController#new as HTML
  Rendering devise/sessions/new.html.erb within layouts/application
  Rendered devise/shared/_links.html.erb (Duration: 2.5ms | Allocations: 742)
  Rendered devise/sessions/new.html.erb within layouts/application (Duration: 17.1ms | Allocations: 4260)
[Webpacker] Everything's up-to-date. Nothing to do
Completed 200 OK in 92ms (Views: 76.4ms | ActiveRecord: 0.7ms | Allocations: 20027)


Started GET "/users/auth/github" for 127.0.0.1 at 2020-02-16 13:10:42 -0500
Started GET "/users/auth/github" for 127.0.0.1 at 2020-02-16 13:10:42 -0500
Started GET "/users/auth/github" for 127.0.0.1 at 2020-02-16 13:12:58 -0500
  [1m[35m (0.1ms)[0m  [1m[34mSELECT sqlite_version(*)[0m
Started GET "/users/auth/github" for 127.0.0.1 at 2020-02-16 13:12:58 -0500
Started GET "/" for 127.0.0.1 at 2020-02-16 13:13:33 -0500
Processing by ApplicationController#hello as HTML
Completed 401 Unauthorized in 5ms (ActiveRecord: 0.0ms | Allocations: 1299)


Started GET "/users/sign_in" for 127.0.0.1 at 2020-02-16 13:13:33 -0500
Processing by Devise::SessionsController#new as HTML
  Rendering devise/sessions/new.html.erb within layouts/application
  Rendered devise/shared/_links.html.erb (Duration: 1.1ms | Allocations: 212)
  Rendered devise/sessions/new.html.erb within layouts/application (Duration: 3.8ms | Allocations: 1149)
[Webpacker] Everything's up-to-date. Nothing to do
Completed 200 OK in 57ms (Views: 23.7ms | ActiveRecord: 0.9ms | Allocations: 12769)


Started GET "/users/sign_up" for 127.0.0.1 at 2020-02-16 13:13:35 -0500
Processing by Devise::RegistrationsController#new as HTML
  Rendering devise/registrations/new.html.erb within layouts/application
  Rendered devise/shared/_error_messages.html.erb (Duration: 0.9ms | Allocations: 214)
  Rendered devise/shared/_links.html.erb (Duration: 0.5ms | Allocations: 187)
  Rendered devise/registrations/new.html.erb within layouts/application (Duration: 7.7ms | Allocations: 2210)
[Webpacker] Everything's up-to-date. Nothing to do
Completed 200 OK in 28ms (Views: 15.7ms | ActiveRecord: 0.0ms | Allocations: 7248)


Started POST "/users" for 127.0.0.1 at 2020-02-16 13:13:58 -0500
Processing by Devise::RegistrationsController#create as HTML
  Parameters: {"authenticity_token"=>"iaDH/pDdx21uusuE0VjM+pN5eE2etoFgrKRjQ4pmgqijEtd/brKal+F9muwp6AH2wF5C55YHokXw4EuTi05q0w==", "user"=>{"email"=>"test@test.com", "username"=>"test123", "password"=>"[FILTERED]", "password_confirmation"=>"[FILTERED]"}, "commit"=>"Sign up"}
  [1m[35m (0.1ms)[0m  [1m[36mbegin transaction[0m
  [1m[36mUser Exists? (0.5ms)[0m  [1m[34mSELECT 1 AS one FROM "users" WHERE "users"."email" = ? LIMIT ?[0m  [["email", "test@test.com"], ["LIMIT", 1]]
  [1m[36mUser Create (1.3ms)[0m  [1m[32mINSERT INTO "users" ("email", "encrypted_password", "username", "created_at", "updated_at") VALUES (?, ?, ?, ?, ?)[0m  [["email", "test@test.com"], ["encrypted_password", "$2a$11$OrUG5ggqMV6XDc8rpKxW1eSKgl62pVnLDsnELloAtzDKzOvUwWTK2"], ["username", "test123"], ["created_at", "2020-02-16 18:13:58.703002"], ["updated_at", "2020-02-16 18:13:58.703002"]]
  [1m[35m (1.0ms)[0m  [1m[36mcommit transaction[0m
Redirected to http://localhost:3000/
Completed 302 Found in 189ms (ActiveRecord: 2.8ms | Allocations: 9887)


Started GET "/" for 127.0.0.1 at 2020-02-16 13:13:58 -0500
Processing by ApplicationController#hello as HTML
  [1m[36mUser Load (0.2ms)[0m  [1m[34mSELECT "users".* FROM "users" WHERE "users"."id" = ? ORDER BY "users"."id" ASC LIMIT ?[0m  [["id", 1], ["LIMIT", 1]]
  Rendering application/hello.html.erb within layouts/application
  Rendered application/hello.html.erb within layouts/application (Duration: 5.4ms | Allocations: 2946)
Completed 500 Internal Server Error in 9ms (ActiveRecord: 0.2ms | Allocations: 5435)


  
ActionView::Template::Error (undefined method `name' for #<User:0x00007ffc7fa13898>):
    1: <h1>Welcome back <%= current_user.name %>!</h1>
    2: 
    3: <%= link_to 'Logout', destroy_user_session_path, method: :delete %>
  
app/views/application/hello.html.erb:1
Started GET "/" for 127.0.0.1 at 2020-02-16 13:14:21 -0500
Processing by ApplicationController#hello as HTML
  [1m[36mUser Load (0.6ms)[0m  [1m[34mSELECT "users".* FROM "users" WHERE "users"."id" = ? ORDER BY "users"."id" ASC LIMIT ?[0m  [["id", 1], ["LIMIT", 1]]
  Rendering application/hello.html.erb within layouts/application
  Rendered application/hello.html.erb within layouts/application (Duration: 0.9ms | Allocations: 178)
[Webpacker] Everything's up-to-date. Nothing to do
Completed 200 OK in 42ms (Views: 21.4ms | ActiveRecord: 0.6ms | Allocations: 6507)


Started DELETE "/users/sign_out" for 127.0.0.1 at 2020-02-16 13:14:26 -0500
Processing by Devise::SessionsController#destroy as HTML
  Parameters: {"authenticity_token"=>"cD7fOMCfPm1gu0rVejpfZ1of9bQ5r0js56DAICQ0a0OTNFzwkC/1kZ7BWsb2b5IUxGmefsTKfYnmg3zM+aM1Dg=="}
  [1m[36mUser Load (0.4ms)[0m  [1m[34mSELECT "users".* FROM "users" WHERE "users"."id" = ? ORDER BY "users"."id" ASC LIMIT ?[0m  [["id", 1], ["LIMIT", 1]]
Redirected to http://localhost:3000/
Completed 302 Found in 33ms (ActiveRecord: 0.4ms | Allocations: 5254)


Started GET "/" for 127.0.0.1 at 2020-02-16 13:14:26 -0500
Processing by ApplicationController#hello as HTML
Completed 401 Unauthorized in 1ms (ActiveRecord: 0.0ms | Allocations: 565)


Started GET "/users/sign_in" for 127.0.0.1 at 2020-02-16 13:14:26 -0500
Processing by Devise::SessionsController#new as HTML
  Rendering devise/sessions/new.html.erb within layouts/application
  Rendered devise/shared/_links.html.erb (Duration: 5.0ms | Allocations: 612)
  Rendered devise/sessions/new.html.erb within layouts/application (Duration: 12.1ms | Allocations: 1998)
[Webpacker] Everything's up-to-date. Nothing to do
Completed 200 OK in 23ms (Views: 21.5ms | ActiveRecord: 0.0ms | Allocations: 7179)


Started GET "/users/auth/github" for 127.0.0.1 at 2020-02-16 13:14:29 -0500
Started GET "/users/auth/github" for 127.0.0.1 at 2020-02-16 13:14:29 -0500
Started GET "/" for 127.0.0.1 at 2020-02-16 13:16:53 -0500
  [1m[35m (1.7ms)[0m  [1m[34mSELECT sqlite_version(*)[0m
  [1m[35m (1.1ms)[0m  [1m[34mSELECT "schema_migrations"."version" FROM "schema_migrations" ORDER BY "schema_migrations"."version" ASC[0m
Processing by ApplicationController#hello as HTML
Completed 401 Unauthorized in 16ms (ActiveRecord: 0.0ms | Allocations: 1511)


Started GET "/users/sign_in" for 127.0.0.1 at 2020-02-16 13:16:54 -0500
Processing by Devise::SessionsController#new as HTML
  Rendering devise/sessions/new.html.erb within layouts/application
  Rendered devise/shared/_links.html.erb (Duration: 3.5ms | Allocations: 742)
  Rendered devise/sessions/new.html.erb within layouts/application (Duration: 15.1ms | Allocations: 4260)
[Webpacker] Everything's up-to-date. Nothing to do
Completed 200 OK in 84ms (Views: 66.4ms | ActiveRecord: 0.7ms | Allocations: 20034)


Started GET "/users/auth/github" for 127.0.0.1 at 2020-02-16 13:16:59 -0500
Started GET "/users/auth/github" for 127.0.0.1 at 2020-02-16 13:16:59 -0500
Started GET "/users/auth/github/callback?code=93610efbe939404fffcc&state=50e9a7f1072dfbd9b3c8b66dc74ed7e0e38d0e943ce3a25f" for 127.0.0.1 at 2020-02-16 13:16:59 -0500
Processing by Users::OmniauthCallbacksController#failure as HTML
  Parameters: {"code"=>"93610efbe939404fffcc", "state"=>"50e9a7f1072dfbd9b3c8b66dc74ed7e0e38d0e943ce3a25f"}
Redirected to http://localhost:3000/
Completed 302 Found in 1ms (ActiveRecord: 0.0ms | Allocations: 235)


Started GET "/" for 127.0.0.1 at 2020-02-16 13:17:00 -0500
Processing by ApplicationController#hello as HTML
Completed 401 Unauthorized in 1ms (ActiveRecord: 0.0ms | Allocations: 562)


Started GET "/users/sign_in" for 127.0.0.1 at 2020-02-16 13:17:00 -0500
Processing by Devise::SessionsController#new as HTML
  Rendering devise/sessions/new.html.erb within layouts/application
  Rendered devise/shared/_links.html.erb (Duration: 0.3ms | Allocations: 197)
  Rendered devise/sessions/new.html.erb within layouts/application (Duration: 1.8ms | Allocations: 1127)
[Webpacker] Everything's up-to-date. Nothing to do
Completed 200 OK in 9ms (Views: 8.2ms | ActiveRecord: 0.0ms | Allocations: 5640)


Started GET "/users/auth/github" for 127.0.0.1 at 2020-02-16 13:17:52 -0500
Started GET "/users/auth/github" for 127.0.0.1 at 2020-02-16 13:17:53 -0500
Started GET "/users/auth/github/callback?code=6b1403a4895f62923646&state=7f4562dd36947442cd24dbb837bf7fac69e07e33dbe9e02d" for 127.0.0.1 at 2020-02-16 13:17:53 -0500
Processing by Users::OmniauthCallbacksController#failure as HTML
  Parameters: {"code"=>"6b1403a4895f62923646", "state"=>"7f4562dd36947442cd24dbb837bf7fac69e07e33dbe9e02d"}
Redirected to http://localhost:3000/
Completed 302 Found in 0ms (ActiveRecord: 0.0ms | Allocations: 139)


Started GET "/" for 127.0.0.1 at 2020-02-16 13:17:53 -0500
Processing by ApplicationController#hello as HTML
Completed 401 Unauthorized in 1ms (ActiveRecord: 0.0ms | Allocations: 566)


Started GET "/users/sign_in" for 127.0.0.1 at 2020-02-16 13:17:53 -0500
Processing by Devise::SessionsController#new as HTML
  Rendering devise/sessions/new.html.erb within layouts/application
  Rendered devise/shared/_links.html.erb (Duration: 0.3ms | Allocations: 196)
  Rendered devise/sessions/new.html.erb within layouts/application (Duration: 3.3ms | Allocations: 1118)
[Webpacker] Everything's up-to-date. Nothing to do
Completed 200 OK in 19ms (Views: 17.0ms | ActiveRecord: 0.0ms | Allocations: 5612)


Started GET "/" for 127.0.0.1 at 2020-02-16 13:18:11 -0500
  [1m[35m (0.9ms)[0m  [1m[34mSELECT sqlite_version(*)[0m
  [1m[35m (0.4ms)[0m  [1m[34mSELECT "schema_migrations"."version" FROM "schema_migrations" ORDER BY "schema_migrations"."version" ASC[0m
Processing by ApplicationController#hello as HTML
Completed 401 Unauthorized in 15ms (ActiveRecord: 0.0ms | Allocations: 1488)


Started GET "/users/sign_in" for 127.0.0.1 at 2020-02-16 13:18:11 -0500
Processing by Devise::SessionsController#new as HTML
  Rendering devise/sessions/new.html.erb within layouts/application
  Rendered devise/shared/_links.html.erb (Duration: 2.0ms | Allocations: 742)
  Rendered devise/sessions/new.html.erb within layouts/application (Duration: 15.1ms | Allocations: 4260)
[Webpacker] Everything's up-to-date. Nothing to do
Completed 200 OK in 73ms (Views: 60.4ms | ActiveRecord: 0.8ms | Allocations: 20014)


Started GET "/users/auth/github" for 127.0.0.1 at 2020-02-16 13:18:38 -0500
Started GET "/users/auth/github" for 127.0.0.1 at 2020-02-16 13:18:38 -0500
Started GET "/users/auth/github/callback?code=7a0634a45694ce5fae64&state=3bb9a374a6044f102f4a0914deba96320fc1062cd5b85332" for 127.0.0.1 at 2020-02-16 13:18:38 -0500
Processing by Users::OmniauthCallbacksController#github as HTML
  Parameters: {"code"=>"7a0634a45694ce5fae64", "state"=>"3bb9a374a6044f102f4a0914deba96320fc1062cd5b85332"}
  [1m[36mUser Load (0.3ms)[0m  [1m[34mSELECT "users".* FROM "users" WHERE "users"."provider" = ? AND "users"."uid" = ? ORDER BY "users"."id" ASC LIMIT ?[0m  [["provider", "github"], ["uid", "49502059"], ["LIMIT", 1]]
  ↳ app/models/user.rb:9:in `from_omniauth'
  [1m[35m (0.1ms)[0m  [1m[36mbegin transaction[0m
  ↳ app/models/user.rb:9:in `from_omniauth'
  [1m[36mUser Exists? (0.3ms)[0m  [1m[34mSELECT 1 AS one FROM "users" WHERE "users"."email" = ? LIMIT ?[0m  [["email", "thesaramccombs@gmail.com"], ["LIMIT", 1]]
  ↳ app/models/user.rb:9:in `from_omniauth'
  [1m[36mUser Create (0.9ms)[0m  [1m[32mINSERT INTO "users" ("email", "encrypted_password", "username", "created_at", "updated_at", "provider", "uid") VALUES (?, ?, ?, ?, ?, ?, ?)[0m  [["email", "thesaramccombs@gmail.com"], ["encrypted_password", "$2a$11$bd6HHygBpEIhaggaSvRn3ONzfTimQF7AZIGjQF1a4YqpKiPL7OXL6"], ["username", "saramccombs"], ["created_at", "2020-02-16 18:18:39.330457"], ["updated_at", "2020-02-16 18:18:39.330457"], ["provider", "github"], ["uid", "49502059"]]
  ↳ app/models/user.rb:9:in `from_omniauth'
  [1m[35m (1.4ms)[0m  [1m[36mcommit transaction[0m
  ↳ app/models/user.rb:9:in `from_omniauth'
Redirected to http://localhost:3000/
Completed 302 Found in 158ms (ActiveRecord: 3.0ms | Allocations: 5896)


Started GET "/" for 127.0.0.1 at 2020-02-16 13:18:39 -0500
Processing by ApplicationController#hello as HTML
  [1m[36mUser Load (0.2ms)[0m  [1m[34mSELECT "users".* FROM "users" WHERE "users"."id" = ? ORDER BY "users"."id" ASC LIMIT ?[0m  [["id", 2], ["LIMIT", 1]]
  Rendering application/hello.html.erb within layouts/application
  Rendered application/hello.html.erb within layouts/application (Duration: 1.1ms | Allocations: 191)
[Webpacker] Everything's up-to-date. Nothing to do
Completed 200 OK in 18ms (Views: 14.1ms | ActiveRecord: 0.2ms | Allocations: 6137)


